<?xml version="1.0" encoding="UTF-8"?>
<testng-results ignored="0" total="1" passed="1" failed="0" skipped="0">
  <reporter-output>
  </reporter-output>
  <suite started-at="2026-01-20T14:27:30 IST" name="Surefire suite" finished-at="2026-01-20T14:27:30 IST" duration-ms="31">
    <groups>
    </groups>
    <test started-at="2026-01-20T14:27:30 IST" name="Surefire test" finished-at="2026-01-20T14:27:30 IST" duration-ms="31">
      <class name="automation.jenkinpractise.LoginTest">
        <test-method signature="login()[pri:0, instance:automation.jenkinpractise.LoginTest@15761df8]" started-at="2026-01-20T14:27:30 IST" name="login" finished-at="2026-01-20T14:27:30 IST" duration-ms="3" status="PASS">
          <reporter-output>
          </reporter-output>
        </test-method> <!-- login -->
      </class> <!-- automation.jenkinpractise.LoginTest -->
    </test> <!-- Surefire test -->
  </suite> <!-- Surefire suite -->
</testng-results>
