<?xml version="1.0" encoding="UTF-8"?>
<testng-results ignored="0" total="1" passed="1" failed="0" skipped="0">
  <reporter-output>
  </reporter-output>
  <suite started-at="2026-01-20T10:21:31 IST" name="Default suite" finished-at="2026-01-20T10:21:31 IST" duration-ms="82">
    <groups>
    </groups>
    <test started-at="2026-01-20T10:21:31 IST" name="Default test" finished-at="2026-01-20T10:21:31 IST" duration-ms="82">
      <class name="automation.jenkinpractise.LoginTest">
        <test-method signature="login()[pri:0, instance:automation.jenkinpractise.LoginTest@79e2c065]" started-at="2026-01-20T10:21:31 IST" name="login" finished-at="2026-01-20T10:21:31 IST" duration-ms="12" status="PASS">
          <reporter-output>
          </reporter-output>
        </test-method> <!-- login -->
      </class> <!-- automation.jenkinpractise.LoginTest -->
    </test> <!-- Default test -->
  </suite> <!-- Default suite -->
</testng-results>
